<?xml version="1.0" encoding="UTF-8"?>
<!-- Generated by org.testng.reporters.JUnitReportReporter -->
<testsuite hostname="Namita-Pc" failures="0" tests="1" name="tests.TwoTest" time="128.628" errors="0" timestamp="2022-03-29T19:58:03 IST" skipped="0">
  <testcase classname="tests.TwoTest" name="twotest" time="128.628"/>
  <system-out/>
</testsuite> <!-- tests.TwoTest -->
