<?xml version="1.0" encoding="UTF-8"?>
<!-- Generated by org.testng.reporters.JUnitReportReporter -->
<testsuite hostname="Namita-Pc" failures="0" tests="1" name="tests.ThreeTest" time="113.639" errors="0" timestamp="2022-03-29T19:58:03 IST" skipped="0">
  <testcase classname="tests.ThreeTest" name="threetest" time="113.639"/>
  <system-out/>
</testsuite> <!-- tests.ThreeTest -->
