<?xml version="1.0" encoding="UTF-8"?>
<!-- Generated by org.testng.reporters.JUnitReportReporter -->
<testsuite hostname="Namita-Pc" failures="0" tests="2" name="tests.LoginTest" time="162.631" errors="0" timestamp="2022-03-29T19:58:03 IST" skipped="0">
  <testcase classname="tests.LoginTest" name="login" time="37.224"/>
  <system-out/>
  <testcase classname="tests.LoginTest" name="login" time="125.407"/>
  <system-out/>
</testsuite> <!-- tests.LoginTest -->
